<?xml version="1.0" encoding="UTF-8"?>
<!-- Generated by org.testng.reporters.JUnitXMLReporter -->
<testsuite ignored="0" hostname="DESKTOP-L558MLK" failures="0" tests="1" name="Test-class test 1" time="0.048" errors="0" timestamp="2020-09-05T17:34:22 EET">
  <testcase classname="parrallell.parrallell.ParallelSuiteTest" name="testMethodOne" time="0.005"/>
</testsuite> <!-- Test-class test 1 -->
