<?xml version="1.0" encoding="UTF-8"?>
<!-- Generated by org.testng.reporters.JUnitReportReporter -->
<testsuite hostname="DESKTOP-L558MLK" failures="0" tests="2" name="parrallell.parrallell.ParallelSuiteTest" time="0.009" errors="0" timestamp="2020-09-05T17:34:22 EET" skipped="0">
  <testcase classname="parrallell.parrallell.ParallelSuiteTest" name="testMethodOne" time="0.005"/>
  <system-out/>
  <testcase classname="parrallell.parrallell.ParallelSuiteTest" name="testMethodOne" time="0.004"/>
  <system-out/>
</testsuite> <!-- parrallell.parrallell.ParallelSuiteTest -->
